This is pdfTeX, Version 3.14159265-2.6-1.40.15 (TeX Live 2014) (preloaded format=pdflatex 2015.6.1)  7 JUN 2018 20:59
entering extended mode
 restricted \write18 enabled.
 file:line:error style messages enabled.
 %&-line parsing enabled.
**jbes-template.tex
(./jbes-template.tex
LaTeX2e <2014/05/01>
Babel <3.9k> and hyphenation patterns for 78 languages loaded.
(/usr/local/texlive/2014/texmf-dist/tex/latex/base/article.cls
Document Class: article 2007/10/19 v1.4h Standard LaTeX document class
(/usr/local/texlive/2014/texmf-dist/tex/latex/base/size12.clo
File: size12.clo 2007/10/19 v1.4h Standard LaTeX file (size option)
)
\c@part=\count79
\c@section=\count80
\c@subsection=\count81
\c@subsubsection=\count82
\c@paragraph=\count83
\c@subparagraph=\count84
\c@figure=\count85
\c@table=\count86
\abovecaptionskip=\skip41
\belowcaptionskip=\skip42
\bibindent=\dimen102
)
(/usr/local/texlive/2014/texmf-dist/tex/latex/amsmath/amsmath.sty
Package: amsmath 2013/01/14 v2.14 AMS math features
\@mathmargin=\skip43

For additional information on amsmath, use the `?' option.
(/usr/local/texlive/2014/texmf-dist/tex/latex/amsmath/amstext.sty
Package: amstext 2000/06/29 v2.01

(/usr/local/texlive/2014/texmf-dist/tex/latex/amsmath/amsgen.sty
File: amsgen.sty 1999/11/30 v2.0
\@emptytoks=\toks14
\ex@=\dimen103
))
(/usr/local/texlive/2014/texmf-dist/tex/latex/amsmath/amsbsy.sty
Package: amsbsy 1999/11/29 v1.2d
\pmbraise@=\dimen104
)
(/usr/local/texlive/2014/texmf-dist/tex/latex/amsmath/amsopn.sty
Package: amsopn 1999/12/14 v2.01 operator names
)
\inf@bad=\count87
LaTeX Info: Redefining \frac on input line 210.
\uproot@=\count88
\leftroot@=\count89
LaTeX Info: Redefining \overline on input line 306.
\classnum@=\count90
\DOTSCASE@=\count91
LaTeX Info: Redefining \ldots on input line 378.
LaTeX Info: Redefining \dots on input line 381.
LaTeX Info: Redefining \cdots on input line 466.
\Mathstrutbox@=\box26
\strutbox@=\box27
\big@size=\dimen105
LaTeX Font Info:    Redeclaring font encoding OML on input line 566.
LaTeX Font Info:    Redeclaring font encoding OMS on input line 567.
\macc@depth=\count92
\c@MaxMatrixCols=\count93
\dotsspace@=\muskip10
\c@parentequation=\count94
\dspbrk@lvl=\count95
\tag@help=\toks15
\row@=\count96
\column@=\count97
\maxfields@=\count98
\andhelp@=\toks16
\eqnshift@=\dimen106
\alignsep@=\dimen107
\tagshift@=\dimen108
\tagwidth@=\dimen109
\totwidth@=\dimen110
\lineht@=\dimen111
\@envbody=\toks17
\multlinegap=\skip44
\multlinetaggap=\skip45
\mathdisplay@stack=\toks18
LaTeX Info: Redefining \[ on input line 2665.
LaTeX Info: Redefining \] on input line 2666.
)
(/usr/local/texlive/2014/texmf-dist/tex/latex/amsfonts/amssymb.sty
Package: amssymb 2013/01/14 v3.01 AMS font symbols

(/usr/local/texlive/2014/texmf-dist/tex/latex/amsfonts/amsfonts.sty
Package: amsfonts 2013/01/14 v3.01 Basic AMSFonts support
\symAMSa=\mathgroup4
\symAMSb=\mathgroup5
LaTeX Font Info:    Overwriting math alphabet `\mathfrak' in version `bold'
(Font)                  U/euf/m/n --> U/euf/b/n on input line 106.
))
(/usr/local/texlive/2014/texmf-dist/tex/latex/multirow/multirow.sty
\bigstrutjot=\dimen112
)
(/usr/local/texlive/2014/texmf-dist/tex/latex/float/float.sty
Package: float 2001/11/08 v1.3d Float enhancements (AL)
\c@float@type=\count99
\float@exts=\toks19
\float@box=\box28
\@float@everytoks=\toks20
\@floatcapt=\box29
)
(/usr/local/texlive/2014/texmf-dist/tex/latex/amscls/amsthm.sty
Package: amsthm 2004/08/06 v2.20
\thm@style=\toks21
\thm@bodyfont=\toks22
\thm@headfont=\toks23
\thm@notefont=\toks24
\thm@headpunct=\toks25
\thm@preskip=\skip46
\thm@postskip=\skip47
\thm@headsep=\skip48
\dth@everypar=\toks26
)
(/usr/local/texlive/2014/texmf-dist/tex/latex/graphics/graphicx.sty
Package: graphicx 2014/04/25 v1.0g Enhanced LaTeX Graphics (DPC,SPQR)

(/usr/local/texlive/2014/texmf-dist/tex/latex/graphics/keyval.sty
Package: keyval 2014/05/08 v1.15 key=value parser (DPC)
\KV@toks@=\toks27
)
(/usr/local/texlive/2014/texmf-dist/tex/latex/graphics/graphics.sty
Package: graphics 2009/02/05 v1.0o Standard LaTeX Graphics (DPC,SPQR)

(/usr/local/texlive/2014/texmf-dist/tex/latex/graphics/trig.sty
Package: trig 1999/03/16 v1.09 sin cos tan (DPC)
)
(/usr/local/texlive/2014/texmf-dist/tex/latex/latexconfig/graphics.cfg
File: graphics.cfg 2010/04/23 v1.9 graphics configuration of TeX Live
)
Package graphics Info: Driver file: pdftex.def on input line 91.

(/usr/local/texlive/2014/texmf-dist/tex/latex/pdftex-def/pdftex.def
File: pdftex.def 2011/05/27 v0.06d Graphics/color for pdfTeX

(/usr/local/texlive/2014/texmf-dist/tex/generic/oberdiek/infwarerr.sty
Package: infwarerr 2010/04/08 v1.3 Providing info/warning/error messages (HO)
)
(/usr/local/texlive/2014/texmf-dist/tex/generic/oberdiek/ltxcmds.sty
Package: ltxcmds 2011/11/09 v1.22 LaTeX kernel commands for general use (HO)
)
\Gread@gobject=\count100
))
\Gin@req@height=\dimen113
\Gin@req@width=\dimen114
)
(/usr/local/texlive/2014/texmf-dist/tex/latex/psfrag/psfrag.sty
Package: psfrag 1998/04/11 v3.04 PSfrag (MCG)
\pfg@pcount=\count101
\pfg@scount=\count102
\pfg@temp=\write3
)
(/usr/local/texlive/2014/texmf-dist/tex/generic/epsf/epsf.sty
This is `epsf.tex' v2.7.4 <14 February 2011>
\epsffilein=\read1
\epsfframemargin=\dimen115
\epsfframethickness=\dimen116
\epsfrsize=\dimen117
\epsftmp=\dimen118
\epsftsize=\dimen119
\epsfxsize=\dimen120
\epsfysize=\dimen121
\pspoints=\dimen122
) (/usr/local/texlive/2014/texmf-dist/tex/latex/tools/enumerate.sty
Package: enumerate 1999/03/05 v3.00 enumerate extensions (DPC)
\@enLab=\toks28
)
(/usr/local/texlive/2014/texmf-dist/tex/latex/natbib/natbib.sty
Package: natbib 2010/09/13 8.31b (PWD, AO)
\bibhang=\skip49
\bibsep=\skip50
LaTeX Info: Redefining \cite on input line 694.
\c@NAT@ctr=\count103
)
(/usr/local/texlive/2014/texmf-dist/tex/latex/url/url.sty
\Urlmuskip=\muskip11
Package: url 2013/09/16  ver 3.4  Verb mode for urls, etc.
)
\c@theorem=\count104
 (./jbes-template.aux)
\openout1 = `jbes-template.aux'.

LaTeX Font Info:    Checking defaults for OML/cmm/m/it on input line 20.
LaTeX Font Info:    ... okay on input line 20.
LaTeX Font Info:    Checking defaults for T1/cmr/m/n on input line 20.
LaTeX Font Info:    ... okay on input line 20.
LaTeX Font Info:    Checking defaults for OT1/cmr/m/n on input line 20.
LaTeX Font Info:    ... okay on input line 20.
LaTeX Font Info:    Checking defaults for OMS/cmsy/m/n on input line 20.
LaTeX Font Info:    ... okay on input line 20.
LaTeX Font Info:    Checking defaults for OMX/cmex/m/n on input line 20.
LaTeX Font Info:    ... okay on input line 20.
LaTeX Font Info:    Checking defaults for U/cmr/m/n on input line 20.
LaTeX Font Info:    ... okay on input line 20.
 (/usr/local/texlive/2014/texmf-dist/tex/context/base/supp-pdf.mkii
[Loading MPS to PDF converter (version 2006.09.02).]
\scratchcounter=\count105
\scratchdimen=\dimen123
\scratchbox=\box30
\nofMPsegments=\count106
\nofMParguments=\count107
\everyMPshowfont=\toks29
\MPscratchCnt=\count108
\MPscratchDim=\dimen124
\MPnumerator=\count109
\makeMPintoPDFobject=\count110
\everyMPtoPDFconversion=\toks30
) (/usr/local/texlive/2014/texmf-dist/tex/generic/oberdiek/pdftexcmds.sty
Package: pdftexcmds 2011/11/29 v0.20 Utility functions of pdfTeX for LuaTeX (HO
)

(/usr/local/texlive/2014/texmf-dist/tex/generic/oberdiek/ifluatex.sty
Package: ifluatex 2010/03/01 v1.3 Provides the ifluatex switch (HO)
Package ifluatex Info: LuaTeX not detected.
)
(/usr/local/texlive/2014/texmf-dist/tex/generic/oberdiek/ifpdf.sty
Package: ifpdf 2011/01/30 v2.3 Provides the ifpdf switch (HO)
Package ifpdf Info: pdfTeX in PDF mode is detected.
)
Package pdftexcmds Info: LuaTeX not detected.
Package pdftexcmds Info: \pdf@primitive is available.
Package pdftexcmds Info: \pdf@ifprimitive is available.
Package pdftexcmds Info: \pdfdraftmode found.
)
(/usr/local/texlive/2014/texmf-dist/tex/latex/oberdiek/epstopdf-base.sty
Package: epstopdf-base 2010/02/09 v2.5 Base part for package epstopdf

(/usr/local/texlive/2014/texmf-dist/tex/latex/oberdiek/grfext.sty
Package: grfext 2010/08/19 v1.1 Manage graphics extensions (HO)

(/usr/local/texlive/2014/texmf-dist/tex/generic/oberdiek/kvdefinekeys.sty
Package: kvdefinekeys 2011/04/07 v1.3 Define keys (HO)
))
(/usr/local/texlive/2014/texmf-dist/tex/latex/oberdiek/kvoptions.sty
Package: kvoptions 2011/06/30 v3.11 Key value format for package options (HO)

(/usr/local/texlive/2014/texmf-dist/tex/generic/oberdiek/kvsetkeys.sty
Package: kvsetkeys 2012/04/25 v1.16 Key value parser (HO)

(/usr/local/texlive/2014/texmf-dist/tex/generic/oberdiek/etexcmds.sty
Package: etexcmds 2011/02/16 v1.5 Avoid name clashes with e-TeX commands (HO)
Package etexcmds Info: Could not find \expanded.
(etexcmds)             That can mean that you are not using pdfTeX 1.50 or
(etexcmds)             that some package has redefined \expanded.
(etexcmds)             In the latter case, load this package earlier.
)))
Package grfext Info: Graphics extension search list:
(grfext)             [.png,.pdf,.jpg,.mps,.jpeg,.jbig2,.jb2,.PNG,.PDF,.JPG,.JPE
G,.JBIG2,.JB2,.eps]
(grfext)             \AppendGraphicsExtensions on input line 452.

(/usr/local/texlive/2014/texmf-dist/tex/latex/latexconfig/epstopdf-sys.cfg
File: epstopdf-sys.cfg 2010/07/13 v1.3 Configuration of (r)epstopdf for TeX Liv
e
))
LaTeX Font Info:    Try loading font information for U+msa on input line 38.

(/usr/local/texlive/2014/texmf-dist/tex/latex/amsfonts/umsa.fd
File: umsa.fd 2013/01/14 v3.01 AMS symbols A
)
LaTeX Font Info:    Try loading font information for U+msb on input line 38.

(/usr/local/texlive/2014/texmf-dist/tex/latex/amsfonts/umsb.fd
File: umsb.fd 2013/01/14 v3.01 AMS symbols B
) [1
Non-PDF special ignored!

{/usr/local/texlive/2014/texmf-var/fonts/map/pdftex/updmap/pdftex.map}] [2] [3]
 [4] [5] [6] [7] [8] [9] [10] [11]

LaTeX Warning: Reference `girardinew' on page 12 undefined on input line 379.

[12]
Underfull \hbox (badness 1028) in paragraph at lines 408--408
[][]\OT1/cmr/m/n/10 The es-ti-mated uni-vari-ate TGARCH pa-ram-e-ters for the D
ow Jones US Fi-nan-cials In-dex are
 []

[13]
Overfull \hbox (28.69016pt too wide) in paragraph at lines 421--428
 [] 
 []

[14]
Overfull \hbox (32.60678pt too wide) in paragraph at lines 435--442
 [] 
 []

[15]
Package epstopdf Info: Source file: <figures/LR_figure_1.eps>
(epstopdf)                    date: 2018-04-08 17:35:58
(epstopdf)                    size: 115353 bytes
(epstopdf)             Output file: <figures/LR_figure_1-eps-converted-to.pdf>
(epstopdf)                    date: 2018-04-22 15:15:36
(epstopdf)                    size: 9134 bytes
(epstopdf)             Command: <repstopdf --outfile=figures/LR_figure_1-eps-co
nverted-to.pdf figures/LR_figure_1.eps>
(epstopdf)             \includegraphics on input line 466.
Package epstopdf Info: Output file is already uptodate.

<figures/LR_figure_1-eps-converted-to.pdf, id=70, 421.575pt x 316.18124pt>
File: figures/LR_figure_1-eps-converted-to.pdf Graphic file (type pdf)

<use figures/LR_figure_1-eps-converted-to.pdf>
Package pdftex.def Info: figures/LR_figure_1-eps-converted-to.pdf used on input
 line 466.
(pdftex.def)             Requested size: 416.04016pt x 312.03618pt.
 [16]
Package epstopdf Info: Source file: <figures/LR_figure_2.eps>
(epstopdf)                    date: 2018-04-08 16:13:26
(epstopdf)                    size: 117614 bytes
(epstopdf)             Output file: <figures/LR_figure_2-eps-converted-to.pdf>
(epstopdf)                    date: 2018-04-22 15:15:38
(epstopdf)                    size: 8960 bytes
(epstopdf)             Command: <repstopdf --outfile=figures/LR_figure_2-eps-co
nverted-to.pdf figures/LR_figure_2.eps>
(epstopdf)             \includegraphics on input line 474.
Package epstopdf Info: Output file is already uptodate.

<figures/LR_figure_2-eps-converted-to.pdf, id=74, 421.575pt x 316.18124pt>
File: figures/LR_figure_2-eps-converted-to.pdf Graphic file (type pdf)

<use figures/LR_figure_2-eps-converted-to.pdf>
Package pdftex.def Info: figures/LR_figure_2-eps-converted-to.pdf used on input
 line 474.
(pdftex.def)             Requested size: 416.04016pt x 312.03618pt.
 [17 <./figures/LR_figure_1-eps-converted-to.pdf>] [18 <./figures/LR_figure_2-e
ps-converted-to.pdf>]
Overfull \hbox (33.95172pt too wide) in paragraph at lines 498--505
 [] 
 []

[19]
Overfull \hbox (28.69016pt too wide) in paragraph at lines 531--538
 [] 
 []

[20]
Overfull \hbox (28.69016pt too wide) in paragraph at lines 544--551
 [] 
 []

[21]
Package epstopdf Info: Source file: <figures/LR_figure_3.eps>
(epstopdf)                    date: 2018-04-22 16:08:34
(epstopdf)                    size: 119117 bytes
(epstopdf)             Output file: <figures/LR_figure_3-eps-converted-to.pdf>
(epstopdf)                    date: 2018-04-22 16:08:42
(epstopdf)                    size: 9642 bytes
(epstopdf)             Command: <repstopdf --outfile=figures/LR_figure_3-eps-co
nverted-to.pdf figures/LR_figure_3.eps>
(epstopdf)             \includegraphics on input line 577.
Package epstopdf Info: Output file is already uptodate.

<figures/LR_figure_3-eps-converted-to.pdf, id=109, 421.575pt x 316.18124pt>
File: figures/LR_figure_3-eps-converted-to.pdf Graphic file (type pdf)

<use figures/LR_figure_3-eps-converted-to.pdf>
Package pdftex.def Info: figures/LR_figure_3-eps-converted-to.pdf used on input
 line 577.
(pdftex.def)             Requested size: 416.04016pt x 312.03618pt.
Package epstopdf Info: Source file: <figures/LR_figure_4.eps>
(epstopdf)                    date: 2018-04-08 16:46:42
(epstopdf)                    size: 117602 bytes
(epstopdf)             Output file: <figures/LR_figure_4-eps-converted-to.pdf>
(epstopdf)                    date: 2018-04-22 15:15:42
(epstopdf)                    size: 8959 bytes
(epstopdf)             Command: <repstopdf --outfile=figures/LR_figure_4-eps-co
nverted-to.pdf figures/LR_figure_4.eps>
(epstopdf)             \includegraphics on input line 585.
Package epstopdf Info: Output file is already uptodate.

<figures/LR_figure_4-eps-converted-to.pdf, id=110, 421.575pt x 316.18124pt>
File: figures/LR_figure_4-eps-converted-to.pdf Graphic file (type pdf)

<use figures/LR_figure_4-eps-converted-to.pdf>
Package pdftex.def Info: figures/LR_figure_4-eps-converted-to.pdf used on input
 line 585.
(pdftex.def)             Requested size: 416.04016pt x 312.03618pt.
 [22 <./figures/LR_figure_3-eps-converted-to.pdf>] [23 <./figures/LR_figure_4-e
ps-converted-to.pdf>]
Overfull \hbox (33.95172pt too wide) in paragraph at lines 606--613
 [] 
 []

[24]
LaTeX Font Info:    Try loading font information for OMS+cmr on input line 635.

 (/usr/local/texlive/2014/texmf-dist/tex/latex/base/omscmr.fd
File: omscmr.fd 1999/05/25 v2.5h Standard LaTeX font definitions
)
LaTeX Font Info:    Font shape `OMS/cmr/m/n' in size <12> not available
(Font)              Font shape `OMS/cmsy/m/n' tried instead on input line 635.
 [25]
Overfull \hbox (23.02203pt too wide) in paragraph at lines 677--690
 [] 
 []

[26]
Overfull \hbox (42.60516pt too wide) in paragraph at lines 697--710
 [] 
 []


Overfull \hbox (56.31335pt too wide) in paragraph at lines 716--729
 [] 
 []

[27]
Overfull \hbox (50.43842pt too wide) in paragraph at lines 735--748
 [] 
 []


Overfull \hbox (48.4801pt too wide) in paragraph at lines 754--767
 [] 
 []

[28]
Overfull \hbox (45.56396pt too wide) in paragraph at lines 775--789
 [] 
 []

[29]
Package epstopdf Info: Source file: <figures/Figure_5.eps>
(epstopdf)                    date: 2018-04-22 18:49:08
(epstopdf)                    size: 292101 bytes
(epstopdf)             Output file: <figures/Figure_5-eps-converted-to.pdf>
(epstopdf)                    date: 2018-04-22 18:49:18
(epstopdf)                    size: 81807 bytes
(epstopdf)             Command: <repstopdf --outfile=figures/Figure_5-eps-conve
rted-to.pdf figures/Figure_5.eps>
(epstopdf)             \includegraphics on input line 797.
Package epstopdf Info: Output file is already uptodate.
 <figures/Figure_5-eps-converted-to.pdf, id=154, 411.5375pt x 199.74625pt>
File: figures/Figure_5-eps-converted-to.pdf Graphic file (type pdf)

<use figures/Figure_5-eps-converted-to.pdf>
Package pdftex.def Info: figures/Figure_5-eps-converted-to.pdf used on input li
ne 797.
(pdftex.def)             Requested size: 508.4998pt x 246.81108pt.
 [30 <./figures/Figure_5-eps-converted-to.pdf>] [31] (./jbes-template.bbl [32]
Underfull \hbox (badness 1052) in paragraph at lines 17--20
[]\OT1/cmr/m/n/12 Adrian, T. & Brun-ner-meier, M. K. (2016), `Co-VaR', \OT1/cmr
/m/it/12 Amer-i-can Eco-nomic Re-view
 []

[33]
Missing character: There is no Ì in font cmti12!
Missing character: There is no ˆ in font cmti12!

Underfull \hbox (badness 10000) in paragraph at lines 109--113
[]\OT1/cmr/m/n/12 Wikinvest (2008), `Dow Jones U.S.General Fi-nan-cial In-dex (
DJUSFN)',
 []

) [34] (./jbes-template.aux)

LaTeX Warning: There were undefined references.


LaTeX Warning: Label(s) may have changed. Rerun to get cross-references right.

 ) 
Here is how much of TeX's memory you used:
 3265 strings out of 493117
 43344 string characters out of 6135434
 115758 words of memory out of 5000000
 6645 multiletter control sequences out of 15000+600000
 14310 words of font info for 55 fonts, out of 8000000 for 9000
 1141 hyphenation exceptions out of 8191
 38i,24n,26p,904b,273s stack positions out of 5000i,500n,10000p,200000b,80000s
</usr/local/texlive/2014/texmf-dist/fonts/type1/public/amsfonts/cm/cmbx10.pfb
></usr/local/texlive/2014/texmf-dist/fonts/type1/public/amsfonts/cm/cmbx12.pfb>
</usr/local/texlive/2014/texmf-dist/fonts/type1/public/amsfonts/cm/cmex10.pfb><
/usr/local/texlive/2014/texmf-dist/fonts/type1/public/amsfonts/cm/cmmi10.pfb></
usr/local/texlive/2014/texmf-dist/fonts/type1/public/amsfonts/cm/cmmi12.pfb></u
sr/local/texlive/2014/texmf-dist/fonts/type1/public/amsfonts/cm/cmmi5.pfb></usr
/local/texlive/2014/texmf-dist/fonts/type1/public/amsfonts/cm/cmmi6.pfb></usr/l
ocal/texlive/2014/texmf-dist/fonts/type1/public/amsfonts/cm/cmmi7.pfb></usr/loc
al/texlive/2014/texmf-dist/fonts/type1/public/amsfonts/cm/cmmi8.pfb></usr/local
/texlive/2014/texmf-dist/fonts/type1/public/amsfonts/cm/cmr10.pfb></usr/local/t
exlive/2014/texmf-dist/fonts/type1/public/amsfonts/cm/cmr12.pfb></usr/local/tex
live/2014/texmf-dist/fonts/type1/public/amsfonts/cm/cmr6.pfb></usr/local/texliv
e/2014/texmf-dist/fonts/type1/public/amsfonts/cm/cmr7.pfb></usr/local/texlive/2
014/texmf-dist/fonts/type1/public/amsfonts/cm/cmr8.pfb></usr/local/texlive/2014
/texmf-dist/fonts/type1/public/amsfonts/cm/cmsy10.pfb></usr/local/texlive/2014/
texmf-dist/fonts/type1/public/amsfonts/cm/cmsy6.pfb></usr/local/texlive/2014/te
xmf-dist/fonts/type1/public/amsfonts/cm/cmsy7.pfb></usr/local/texlive/2014/texm
f-dist/fonts/type1/public/amsfonts/cm/cmsy8.pfb></usr/local/texlive/2014/texmf-
dist/fonts/type1/public/amsfonts/cm/cmti12.pfb></usr/local/texlive/2014/texmf-d
ist/fonts/type1/public/amsfonts/symbols/msbm10.pfb>
Output written on jbes-template.pdf (34 pages, 421571 bytes).
PDF statistics:
 247 PDF objects out of 1000 (max. 8388607)
 173 compressed objects within 2 object streams
 0 named destinations out of 1000 (max. 500000)
 26 words of extra memory for PDF output out of 10000 (max. 10000000)

